<?xml version="1.0" encoding="UTF-8"?>
<testng-results ignored="0" total="3" passed="2" failed="1" skipped="0">
  <reporter-output>
  </reporter-output>
  <suite started-at="2025-07-27T13:01:36 IST" name="Suite" finished-at="2025-07-27T13:04:45 IST" duration-ms="188602">
    <groups>
    </groups>
    <test started-at="2025-07-27T13:01:36 IST" name="Test" finished-at="2025-07-27T13:04:45 IST" duration-ms="188602">
      <class name="com.STL_TestCases.CreateCRCCTest">
        <test-method is-config="true" signature="initializeExtent()[pri:0, instance:com.STL_TestCases.CreateCRCCTest@7817fd62]" started-at="2025-07-27T13:01:36 IST" name="initializeExtent" finished-at="2025-07-27T13:01:36 IST" duration-ms="205" status="PASS">
          <reporter-output>
          </reporter-output>
        </test-method> <!-- initializeExtent -->
        <test-method is-config="true" signature="setup(java.lang.reflect.Method)[pri:0, instance:com.STL_TestCases.CreateCRCCTest@7817fd62]" started-at="2025-07-27T13:01:36 IST" name="setup" finished-at="2025-07-27T13:01:45 IST" duration-ms="8283" status="PASS">
          <params>
            <param index="0">
              <value>
                <![CDATA[public void com.STL_TestCases.CreateCRCCTest.createCrcc() throws java.lang.InterruptedException]]>
              </value>
            </param>
          </params>
          <reporter-output>
          </reporter-output>
        </test-method> <!-- setup -->
        <test-method signature="createCrcc()[pri:0, instance:com.STL_TestCases.CreateCRCCTest@7817fd62]" started-at="2025-07-27T13:01:45 IST" name="createCrcc" finished-at="2025-07-27T13:03:08 IST" duration-ms="83605" status="PASS">
          <reporter-output>
          </reporter-output>
        </test-method> <!-- createCrcc -->
        <test-method is-config="true" signature="teardown(org.testng.ITestResult)[pri:0, instance:com.STL_TestCases.CreateCRCCTest@7817fd62]" started-at="2025-07-27T13:03:08 IST" name="teardown" finished-at="2025-07-27T13:03:11 IST" duration-ms="3256" status="PASS">
          <params>
            <param index="0">
              <value>
                <![CDATA[[TestResult name=createCrcc status=SUCCESS method=CreateCRCCTest.createCrcc()[pri:0, instance:com.STL_TestCases.CreateCRCCTest@7817fd62] output={null}]]]>
              </value>
            </param>
          </params>
          <reporter-output>
          </reporter-output>
        </test-method> <!-- teardown -->
      </class> <!-- com.STL_TestCases.CreateCRCCTest -->
      <class name="com.STL_TestCases.LoginTest">
        <test-method is-config="true" signature="setup(java.lang.reflect.Method)[pri:0, instance:com.STL_TestCases.LoginTest@544fa968]" started-at="2025-07-27T13:04:03 IST" name="setup" finished-at="2025-07-27T13:04:12 IST" duration-ms="8571" status="PASS">
          <params>
            <param index="0">
              <value>
                <![CDATA[public void com.STL_TestCases.LoginTest.verifyLogin()]]>
              </value>
            </param>
          </params>
          <reporter-output>
          </reporter-output>
        </test-method> <!-- setup -->
        <test-method signature="verifyLogin()[pri:0, instance:com.STL_TestCases.LoginTest@544fa968]" started-at="2025-07-27T13:04:12 IST" name="verifyLogin" finished-at="2025-07-27T13:04:42 IST" duration-ms="30079" status="FAIL">
          <exception class="org.openqa.selenium.NoSuchElementException">
            <message>
              <![CDATA[no such element: Unable to locate element: {"method":"xpath","selector":"(//div[text()=' Welcome BEO '])[2]"}
  (Session info: chrome=138.0.7204.169)
For documentation on this error, please visit: https://www.selenium.dev/documentation/webdriver/troubleshooting/errors#no-such-element-exception
Build info: version: '4.27.0', revision: 'd6e718d134'
System info: os.name: 'Windows 11', os.arch: 'amd64', os.version: '10.0', java.version: '21.0.8'
Driver info: org.openqa.selenium.chrome.ChromeDriver
Command: [37f6cde47951e142eae8154ab4ffb3a6, findElement {value=(//div[text()=' Welcome BEO '])[2], using=xpath}]
Capabilities {acceptInsecureCerts: false, browserName: chrome, browserVersion: 138.0.7204.169, chrome: {chromedriverVersion: 138.0.7204.168 (3e8d82e86e9..., userDataDir: C:\Users\BIBEKS~1\AppData\L...}, fedcm:accounts: true, goog:chromeOptions: {debuggerAddress: localhost:56969}, networkConnectionEnabled: false, pageLoadStrategy: normal, platformName: windows, proxy: Proxy(), se:cdp: ws://localhost:56969/devtoo..., se:cdpVersion: 138.0.7204.169, setWindowRect: true, strictFileInteractability: false, timeouts: {implicit: 0, pageLoad: 300000, script: 30000}, unhandledPromptBehavior: dismiss and notify, webauthn:extension:credBlob: true, webauthn:extension:largeBlob: true, webauthn:extension:minPinLength: true, webauthn:extension:prf: true, webauthn:virtualAuthenticators: true}
Session ID: 37f6cde47951e142eae8154ab4ffb3a6]]>
            </message>
            <full-stacktrace>
              <![CDATA[org.openqa.selenium.NoSuchElementException: no such element: Unable to locate element: {"method":"xpath","selector":"(//div[text()=' Welcome BEO '])[2]"}
  (Session info: chrome=138.0.7204.169)
For documentation on this error, please visit: https://www.selenium.dev/documentation/webdriver/troubleshooting/errors#no-such-element-exception
Build info: version: '4.27.0', revision: 'd6e718d134'
System info: os.name: 'Windows 11', os.arch: 'amd64', os.version: '10.0', java.version: '21.0.8'
Driver info: org.openqa.selenium.chrome.ChromeDriver
Command: [37f6cde47951e142eae8154ab4ffb3a6, findElement {value=(//div[text()=' Welcome BEO '])[2], using=xpath}]
Capabilities {acceptInsecureCerts: false, browserName: chrome, browserVersion: 138.0.7204.169, chrome: {chromedriverVersion: 138.0.7204.168 (3e8d82e86e9..., userDataDir: C:\Users\BIBEKS~1\AppData\L...}, fedcm:accounts: true, goog:chromeOptions: {debuggerAddress: localhost:56969}, networkConnectionEnabled: false, pageLoadStrategy: normal, platformName: windows, proxy: Proxy(), se:cdp: ws://localhost:56969/devtoo..., se:cdpVersion: 138.0.7204.169, setWindowRect: true, strictFileInteractability: false, timeouts: {implicit: 0, pageLoad: 300000, script: 30000}, unhandledPromptBehavior: dismiss and notify, webauthn:extension:credBlob: true, webauthn:extension:largeBlob: true, webauthn:extension:minPinLength: true, webauthn:extension:prf: true, webauthn:virtualAuthenticators: true}
Session ID: 37f6cde47951e142eae8154ab4ffb3a6
at java.base/jdk.internal.reflect.DirectConstructorHandleAccessor.newInstance(DirectConstructorHandleAccessor.java:62)
at java.base/java.lang.reflect.Constructor.newInstanceWithCaller(Constructor.java:502)
at java.base/java.lang.reflect.Constructor.newInstance(Constructor.java:486)
at org.openqa.selenium.remote.ErrorCodec.decode(ErrorCodec.java:167)
at org.openqa.selenium.remote.codec.w3c.W3CHttpResponseCodec.decode(W3CHttpResponseCodec.java:138)
at org.openqa.selenium.remote.codec.w3c.W3CHttpResponseCodec.decode(W3CHttpResponseCodec.java:50)
at org.openqa.selenium.remote.HttpCommandExecutor.execute(HttpCommandExecutor.java:190)
at org.openqa.selenium.remote.service.DriverCommandExecutor.invokeExecute(DriverCommandExecutor.java:216)
at org.openqa.selenium.remote.service.DriverCommandExecutor.execute(DriverCommandExecutor.java:174)
at org.openqa.selenium.remote.RemoteWebDriver.execute(RemoteWebDriver.java:545)
at org.openqa.selenium.remote.ElementLocation$ElementFinder$2.findElement(ElementLocation.java:165)
at org.openqa.selenium.remote.ElementLocation.findElement(ElementLocation.java:59)
at org.openqa.selenium.remote.RemoteWebDriver.findElement(RemoteWebDriver.java:368)
at org.openqa.selenium.remote.RemoteWebDriver.findElement(RemoteWebDriver.java:362)
at com.STL.Constants.Constants.loginPageValidation(Constants.java:14)
at com.STL_TestCases.LoginTest.verifyLogin(LoginTest.java:15)
at java.base/jdk.internal.reflect.DirectMethodHandleAccessor.invoke(DirectMethodHandleAccessor.java:103)
at java.base/java.lang.reflect.Method.invoke(Method.java:580)
at org.testng.internal.invokers.MethodInvocationHelper.invokeMethod(MethodInvocationHelper.java:141)
at org.testng.internal.invokers.TestInvoker.invokeMethod(TestInvoker.java:687)
at org.testng.internal.invokers.TestInvoker.invokeTestMethod(TestInvoker.java:230)
at org.testng.internal.invokers.MethodRunner.runInSequence(MethodRunner.java:63)
at org.testng.internal.invokers.TestInvoker$MethodInvocationAgent.invoke(TestInvoker.java:995)
at org.testng.internal.invokers.TestInvoker.invokeTestMethods(TestInvoker.java:203)
at org.testng.internal.invokers.TestMethodWorker.invokeTestMethods(TestMethodWorker.java:154)
at org.testng.internal.invokers.TestMethodWorker.run(TestMethodWorker.java:134)
at java.base/java.util.ArrayList.forEach(ArrayList.java:1596)
at org.testng.TestRunner.privateRun(TestRunner.java:741)
at org.testng.TestRunner.run(TestRunner.java:616)
at org.testng.SuiteRunner.runTest(SuiteRunner.java:421)
at org.testng.SuiteRunner.runSequentially(SuiteRunner.java:413)
at org.testng.SuiteRunner.privateRun(SuiteRunner.java:373)
at org.testng.SuiteRunner.run(SuiteRunner.java:312)
at org.testng.SuiteRunnerWorker.runSuite(SuiteRunnerWorker.java:52)
at org.testng.SuiteRunnerWorker.run(SuiteRunnerWorker.java:95)
at org.testng.TestNG.runSuitesSequentially(TestNG.java:1274)
at org.testng.TestNG.runSuitesLocally(TestNG.java:1208)
at org.testng.TestNG.runSuites(TestNG.java:1112)
at org.testng.TestNG.run(TestNG.java:1079)
at org.testng.remote.AbstractRemoteTestNG.run(AbstractRemoteTestNG.java:115)
at org.testng.remote.RemoteTestNG.initAndRun(RemoteTestNG.java:293)
at org.testng.remote.RemoteTestNG.main(RemoteTestNG.java:91)
]]>
            </full-stacktrace>
          </exception> <!-- org.openqa.selenium.NoSuchElementException -->
          <reporter-output>
          </reporter-output>
        </test-method> <!-- verifyLogin -->
        <test-method is-config="true" signature="teardown(org.testng.ITestResult)[pri:0, instance:com.STL_TestCases.LoginTest@544fa968]" started-at="2025-07-27T13:04:42 IST" name="teardown" finished-at="2025-07-27T13:04:45 IST" duration-ms="2907" status="PASS">
          <params>
            <param index="0">
              <value>
                <![CDATA[[TestResult name=verifyLogin status=FAILURE method=LoginTest.verifyLogin()[pri:0, instance:com.STL_TestCases.LoginTest@544fa968] output={null}]]]>
              </value>
            </param>
          </params>
          <reporter-output>
          </reporter-output>
        </test-method> <!-- teardown -->
      </class> <!-- com.STL_TestCases.LoginTest -->
      <class name="com.STL_TestCases.NavigateToCRCCListTest">
        <test-method is-config="true" signature="setup(java.lang.reflect.Method)[pri:0, instance:com.STL_TestCases.NavigateToCRCCListTest@3bd82cf5]" started-at="2025-07-27T13:03:11 IST" name="setup" finished-at="2025-07-27T13:03:22 IST" duration-ms="10661" status="PASS">
          <params>
            <param index="0">
              <value>
                <![CDATA[public void com.STL_TestCases.NavigateToCRCCListTest.navigateToCRCCListPage()]]>
              </value>
            </param>
          </params>
          <reporter-output>
          </reporter-output>
        </test-method> <!-- setup -->
        <test-method signature="navigateToCRCCListPage()[pri:0, instance:com.STL_TestCases.NavigateToCRCCListTest@3bd82cf5]" started-at="2025-07-27T13:03:22 IST" name="navigateToCRCCListPage" finished-at="2025-07-27T13:04:01 IST" duration-ms="38674" status="PASS">
          <reporter-output>
          </reporter-output>
        </test-method> <!-- navigateToCRCCListPage -->
        <test-method is-config="true" signature="teardown(org.testng.ITestResult)[pri:0, instance:com.STL_TestCases.NavigateToCRCCListTest@3bd82cf5]" started-at="2025-07-27T13:04:01 IST" name="teardown" finished-at="2025-07-27T13:04:03 IST" duration-ms="2506" status="PASS">
          <params>
            <param index="0">
              <value>
                <![CDATA[[TestResult name=navigateToCRCCListPage status=SUCCESS method=NavigateToCRCCListTest.navigateToCRCCListPage()[pri:0, instance:com.STL_TestCases.NavigateToCRCCListTest@3bd82cf5] output={null}]]]>
              </value>
            </param>
          </params>
          <reporter-output>
          </reporter-output>
        </test-method> <!-- teardown -->
      </class> <!-- com.STL_TestCases.NavigateToCRCCListTest -->
    </test> <!-- Test -->
  </suite> <!-- Suite -->
</testng-results>
